
> signature-verification@ build /Users/mrbytes/fuels/EVM-Wallet-Connector/packages/signature-verification
> pnpm forc build

 [1;32mCompiling[0m library [1mcore[0m (/Users/mrbytes/.forc/git/checkouts/std-9be0d6062747ea7/34265301c6037d51444899a99df1cfc563df6016/sway-lib-core)
 [1;32mCompiling[0m library [1mstd[0m (git+https://github.com/fuellabs/sway?tag=v0.47.0#34265301c6037d51444899a99df1cfc563df6016)
[1;38;5;11mwarning[0m
   [1;38;5;12m-->[0m /Users/mrbytes/.forc/git/checkouts/std-9be0d6062747ea7/34265301c6037d51444899a99df1cfc563df6016/sway-lib-std/src/u256.sw:117:9
[1;38;5;12m    |[0m
[1;38;5;12m115 |[0m 
[1;38;5;12m116 |[0m     pub fn one() -> Self {
[1;38;5;12m117 |[0m         Self {
[1;38;5;12m    |[0m[1;38;5;11m         ----[0m [1;38;5;11mdeprecated struct: use the built-in type `u256` instead[0m
[1;38;5;12m118 |[0m             a: 0,
[1;38;5;12m119 |[0m             b: 0,
[1;38;5;12m    |[0m
____

[1;38;5;11mwarning[0m
   [1;38;5;12m-->[0m /Users/mrbytes/.forc/git/checkouts/std-9be0d6062747ea7/34265301c6037d51444899a99df1cfc563df6016/sway-lib-std/src/u256.sw:689:19
[1;38;5;12m    |[0m
[1;38;5;12m687 |[0m 
[1;38;5;12m688 |[0m     fn pow(self, exponent: u32) -> Self {
[1;38;5;12m689 |[0m         let one = U256::from((0, 0, 0, 1));
[1;38;5;12m    |[0m[1;38;5;11m                   ----------[0m [1;38;5;11mdeprecated struct: use the built-in type `u256` instead[0m
[1;38;5;12m690 |[0m         let two = U256::from((0, 0, 0, 2));
[1;38;5;12m    |[0m
____

[1;38;5;11mwarning[0m
   [1;38;5;12m-->[0m /Users/mrbytes/.forc/git/checkouts/std-9be0d6062747ea7/34265301c6037d51444899a99df1cfc563df6016/sway-lib-std/src/u256.sw:690:19
[1;38;5;12m    |[0m
[1;38;5;12m688 |[0m 
[1;38;5;12m689 |[0m         let one = U256::from((0, 0, 0, 1));
[1;38;5;12m690 |[0m         let two = U256::from((0, 0, 0, 2));
[1;38;5;12m    |[0m[1;38;5;11m                   ----------[0m [1;38;5;11mdeprecated struct: use the built-in type `u256` instead[0m
[1;38;5;12m691 |[0m 
[1;38;5;12m692 |[0m         if exponent == 0 {
[1;38;5;12m    |[0m
____

[1;38;5;11mwarning[0m
   [1;38;5;12m-->[0m /Users/mrbytes/.forc/git/checkouts/std-9be0d6062747ea7/34265301c6037d51444899a99df1cfc563df6016/sway-lib-std/src/u256.sw:708:13
[1;38;5;12m    |[0m
[1;38;5;12m706 |[0m 
[1;38;5;12m707 |[0m 
[1;38;5;12m708 |[0m         acc * base
[1;38;5;12m    |[0m[1;38;5;11m             -[0m [1;38;5;11mdeprecated struct: use the built-in type `u256` instead[0m
[1;38;5;12m709 |[0m     }
[1;38;5;12m710 |[0m }
[1;38;5;12m    |[0m
____

[1;38;5;11mwarning[0m
   [1;38;5;12m-->[0m /Users/mrbytes/.forc/git/checkouts/std-9be0d6062747ea7/34265301c6037d51444899a99df1cfc563df6016/sway-lib-std/src/u256.sw:719:16
[1;38;5;12m    |[0m
[1;38;5;12m717 |[0m 
[1;38;5;12m718 |[0m fn test_five_pow_two_u256() {
[1;38;5;12m719 |[0m     let five = U256::from((0, 0, 0, 5));
[1;38;5;12m    |[0m[1;38;5;11m                ----------[0m [1;38;5;11mdeprecated struct: use the built-in type `u256` instead[0m
[1;38;5;12m720 |[0m   
[1;38;5;12m721 |[0m     let five_pow_two = five.pow(2);
[1;38;5;12m    |[0m
____

[1;38;5;11mwarning[0m
   [1;38;5;12m-->[0m /Users/mrbytes/.forc/git/checkouts/std-9be0d6062747ea7/34265301c6037d51444899a99df1cfc563df6016/sway-lib-std/src/u256.sw:721:29
[1;38;5;12m    |[0m
[1;38;5;12m719 |[0m 
[1;38;5;12m720 |[0m   
[1;38;5;12m721 |[0m     let five_pow_two = five.pow(2);
[1;38;5;12m    |[0m[1;38;5;11m                             ---[0m [1;38;5;11mdeprecated struct: use the built-in type `u256` instead[0m
[1;38;5;12m722 |[0m     assert(five_pow_two.a == 0);
[1;38;5;12m723 |[0m     assert(five_pow_two.b == 0);
[1;38;5;12m    |[0m
____

[1;38;5;11mwarning[0m
   [1;38;5;12m-->[0m /Users/mrbytes/.forc/git/checkouts/std-9be0d6062747ea7/34265301c6037d51444899a99df1cfc563df6016/sway-lib-std/src/u256.sw:730:16
[1;38;5;12m    |[0m
[1;38;5;12m728 |[0m 
[1;38;5;12m729 |[0m fn test_five_pow_three_u256() {
[1;38;5;12m730 |[0m     let five = U256::from((0, 0, 0, 5));
[1;38;5;12m    |[0m[1;38;5;11m                ----------[0m [1;38;5;11mdeprecated struct: use the built-in type `u256` instead[0m
[1;38;5;12m731 |[0m 
[1;38;5;12m732 |[0m     let five_pow_three = five.pow(3);
[1;38;5;12m    |[0m
____

[1;38;5;11mwarning[0m
   [1;38;5;12m-->[0m /Users/mrbytes/.forc/git/checkouts/std-9be0d6062747ea7/34265301c6037d51444899a99df1cfc563df6016/sway-lib-std/src/u256.sw:732:31
[1;38;5;12m    |[0m
[1;38;5;12m730 |[0m 
[1;38;5;12m731 |[0m 
[1;38;5;12m732 |[0m     let five_pow_three = five.pow(3);
[1;38;5;12m    |[0m[1;38;5;11m                               ---[0m [1;38;5;11mdeprecated struct: use the built-in type `u256` instead[0m
[1;38;5;12m733 |[0m     assert_eq(five_pow_three.a, 0);
[1;38;5;12m734 |[0m     assert_eq(five_pow_three.b, 0);
[1;38;5;12m    |[0m
____

[1;38;5;11mwarning[0m
   [1;38;5;12m-->[0m /Users/mrbytes/.forc/git/checkouts/std-9be0d6062747ea7/34265301c6037d51444899a99df1cfc563df6016/sway-lib-std/src/u256.sw:741:16
[1;38;5;12m    |[0m
[1;38;5;12m739 |[0m 
[1;38;5;12m740 |[0m fn test_five_pow_28_u256() {
[1;38;5;12m741 |[0m     let five = U256::from((0, 0, 0, 5));
[1;38;5;12m    |[0m[1;38;5;11m                ----------[0m [1;38;5;11mdeprecated struct: use the built-in type `u256` instead[0m
[1;38;5;12m742 |[0m 
[1;38;5;12m743 |[0m     let five_pow_28 = five.pow(28);
[1;38;5;12m    |[0m
____

[1;38;5;11mwarning[0m
   [1;38;5;12m-->[0m /Users/mrbytes/.forc/git/checkouts/std-9be0d6062747ea7/34265301c6037d51444899a99df1cfc563df6016/sway-lib-std/src/u256.sw:743:28
[1;38;5;12m    |[0m
[1;38;5;12m741 |[0m 
[1;38;5;12m742 |[0m 
[1;38;5;12m743 |[0m     let five_pow_28 = five.pow(28);
[1;38;5;12m    |[0m[1;38;5;11m                            ---[0m [1;38;5;11mdeprecated struct: use the built-in type `u256` instead[0m
[1;38;5;12m744 |[0m     assert_eq(five_pow_28.a, 0);
[1;38;5;12m745 |[0m     assert_eq(five_pow_28.b, 0);
[1;38;5;12m    |[0m
____

[1;38;5;11mwarning[0m
   [1;38;5;12m-->[0m /Users/mrbytes/.forc/git/checkouts/std-9be0d6062747ea7/34265301c6037d51444899a99df1cfc563df6016/sway-lib-std/src/u256.sw:752:21
[1;38;5;12m    |[0m
[1;38;5;12m750 |[0m 
[1;38;5;12m751 |[0m fn test_is_zero() {
[1;38;5;12m752 |[0m     let zero_u256 = U256::new();
[1;38;5;12m    |[0m[1;38;5;11m                     ---------[0m [1;38;5;11mdeprecated struct: use the built-in type `u256` instead[0m
[1;38;5;12m753 |[0m     assert(zero_u256.is_zero());
[1;38;5;12m754 |[0m }
[1;38;5;12m    |[0m
____

[1;38;5;11mwarning[0m
   [1;38;5;12m-->[0m /Users/mrbytes/.forc/git/checkouts/std-9be0d6062747ea7/34265301c6037d51444899a99df1cfc563df6016/sway-lib-std/src/u256.sw:713:4
[1;38;5;12m    |[0m
[1;38;5;12m711 |[0m 
[1;38;5;12m712 |[0m 
[1;38;5;12m713 |[0m fn is_even(x: U256) -> bool {
[1;38;5;12m    |[0m[1;38;5;11m    -------[0m [1;38;5;11mThis function is never called.[0m
[1;38;5;12m714 |[0m     x.low_u64() & 1 == 0
[1;38;5;12m715 |[0m }
[1;38;5;12m    |[0m
____

[1;38;5;11mwarning[0m
   [1;38;5;12m-->[0m /Users/mrbytes/.forc/git/checkouts/std-9be0d6062747ea7/34265301c6037d51444899a99df1cfc563df6016/sway-lib-std/src/u256.sw:690:13
[1;38;5;12m    |[0m
[1;38;5;12m688 |[0m 
[1;38;5;12m689 |[0m         let one = U256::from((0, 0, 0, 1));
[1;38;5;12m690 |[0m         let two = U256::from((0, 0, 0, 2));
[1;38;5;12m    |[0m[1;38;5;11m             ---[0m [1;38;5;11mThis declaration is never used.[0m
[1;38;5;12m691 |[0m 
[1;38;5;12m692 |[0m         if exponent == 0 {
[1;38;5;12m    |[0m
____

[1;38;5;11mwarning[0m
   [1;38;5;12m-->[0m /Users/mrbytes/.forc/git/checkouts/std-9be0d6062747ea7/34265301c6037d51444899a99df1cfc563df6016/sway-lib-std/src/ecr.sw:278:9
[1;38;5;12m    |[0m
[1;38;5;12m276 |[0m 
[1;38;5;12m277 |[0m     let signature: B512 = B512::from((hi, lo));
[1;38;5;12m278 |[0m     let public_key = ec_recover_r1(signature, msg_hash).unwrap();
[1;38;5;12m    |[0m[1;38;5;11m         ----------[0m [1;38;5;11mThis declaration is never used.[0m
[1;38;5;12m279 |[0m }
[1;38;5;12m    |[0m
____

[1;38;5;11mwarning[0m
   [1;38;5;12m-->[0m /Users/mrbytes/.forc/git/checkouts/std-9be0d6062747ea7/34265301c6037d51444899a99df1cfc563df6016/sway-lib-std/src/ecr.sw:304:9
[1;38;5;12m    |[0m
[1;38;5;12m302 |[0m 
[1;38;5;12m303 |[0m     let signature: B512 = B512::from((hi, lo));
[1;38;5;12m304 |[0m     let result_address = ec_recover_address_r1(signature, msg_hash).unwrap();
[1;38;5;12m    |[0m[1;38;5;11m         --------------[0m [1;38;5;11mThis declaration is never used.[0m
[1;38;5;12m305 |[0m }
[1;38;5;12m    |[0m
____

[1;38;5;11mwarning[0m
   [1;38;5;12m-->[0m /Users/mrbytes/.forc/git/checkouts/std-9be0d6062747ea7/34265301c6037d51444899a99df1cfc563df6016/sway-lib-std/src/ecr.sw:336:9
[1;38;5;12m    |[0m
[1;38;5;12m334 |[0m 
[1;38;5;12m335 |[0m     let signature: B512 = B512::from((hi, lo));
[1;38;5;12m336 |[0m     let verfied = ed_verify(pub_key, signature, msg_hash).unwrap();
[1;38;5;12m    |[0m[1;38;5;11m         -------[0m [1;38;5;11mThis declaration is never used.[0m
[1;38;5;12m337 |[0m }
[1;38;5;12m    |[0m
____

[33m  Compiled library "std" with 16 warnings.[0m
 [1;32mCompiling[0m script [1mverification-script[0m (/Users/mrbytes/fuels/EVM-Wallet-Connector/packages/signature-verification/verification-script)
 [1;32mCompiling[0m predicate [1mverification-predicate[0m (/Users/mrbytes/fuels/EVM-Wallet-Connector/packages/signature-verification/verification-predicate)
  [1;32mFinished[0m debug in 1.559890416s
    [1;32mscript[0m [1mverification-script[0m
      Bytecode size: 1960 bytes
      Bytecode hash: 0x2886fe1eab53c6ca618ddd5f95f44cee222831b437defcca17448dcbe59e105b
 [1;32mpredicate[0m [1mverification-predicate[0m
      Bytecode size: 2008 bytes
      Predicate root: 0xe733234c89364c50dcc3db51f90f6ece267203fbfa92ed5e569292435f53a5c3
